loading data:
  number of training samples: 40000
  number of validation samples: 10000
  number of test samples: 10000

splitting data:
  100 splits with 400 samples each


------------------------------------------------------------
Sender: LSF System <lsfadmin@hpc.dtu.dk>
Subject: Job 24284472: <cifar10_fedavg> in cluster <dcc> Exited

Job <cifar10_fedavg> was submitted from host <n-62-30-1> by user <s204790> in cluster <dcc> at Wed Mar  5 11:12:48 2025
Job was executed on host(s) <8*n-62-20-13>, in queue <gpuv100>, as user <s204790> in cluster <dcc> at Wed Mar  5 11:55:00 2025
</zhome/94/5/156250> was used as the home directory.
</zhome/94/5/156250/Documents/FederatedLearning/FederatedLearning/HPC> was used as the working directory.
Started at Wed Mar  5 11:55:00 2025
Terminated at Wed Mar  5 11:55:36 2025
Results reported at Wed Mar  5 11:55:36 2025

Your job looked like:

------------------------------------------------------------
# LSBATCH: User input
#!/bin/bash

### General options
### –- specify queue --
#BSUB -q gpuv100

### -- set the job Name --
#BSUB -J cifar10_fedavg

### -- ask for number of cores (default: 1) --
#BSUB -n 8

### -- Select the resources: 1 gpu in exclusive process mode --
#BSUB -gpu "num=2:mode=exclusive_process"

### -- set walltime limit: hh:mm --  maximum 24 hours for GPU-queues right now
#BSUB -W 01:00

# request system-memory
#BSUB -R "rusage[mem=16GB]"


#BSUB -R "span[hosts=1]"

### -- Specify the output and error file. %J is the job-id --
### -- -o and -e mean append, -oo and -eo mean overwrite --
#BSUB -o /zhome/94/5/156250/Documents/FederatedLearning/FederatedLearning/HPC/outputs/cifar10_fedavg_%J.out
#BSUB -e /zhome/94/5/156250/Documents/FederatedLearning/FederatedLearning/HPC/outputs/cifar10_fedavg_%J.err
# -- end of LSF options --

# module load python3/3.12.4
source /zhome/94/5/156250/Documents/FederatedLearning/.venv/bin/activate

python3 cifar10_fedavg.py 100 0.1 100 5
------------------------------------------------------------

Exited with exit code 1.

Resource usage summary:

    CPU time :                                   6.36 sec.
    Max Memory :                                 -
    Average Memory :                             -
    Total Requested Memory :                     131072.00 MB
    Delta Memory :                               -
    Max Swap :                                   -
    Max Processes :                              -
    Max Threads :                                -
    Run time :                                   38 sec.
    Turnaround time :                            2568 sec.

The output (if any) is above this job summary.



PS:

Read file </zhome/94/5/156250/Documents/FederatedLearning/FederatedLearning/HPC/outputs/cifar10_fedavg_24284472.err> for stderr output of this job.

