Number of clients: 1
Number of clients per round: 1
loading data:
  number of training samples: 40000
  number of validation samples: 10000
  number of test samples: 10000

splitting data:
  1 splits with 40000 samples each

Round 1 done
training loss: 0.605
Validation accuracy: 0.770
Round 2 done
training loss: 0.329
Validation accuracy: 0.762
Round 3 done
training loss: 0.178
Validation accuracy: 0.787
Finished Training in 3 rounds
Number of clients: 10
Number of clients per round: 5
loading data:
  number of training samples: 40000
  number of validation samples: 10000
  number of test samples: 10000

splitting data:
  10 splits with 4000 samples each

Round 1 done
training loss: 1.029
Validation accuracy: 0.494
Round 2 done
training loss: 0.729
Validation accuracy: 0.652
Round 3 done
training loss: 0.525
Validation accuracy: 0.695
Round 4 done
training loss: 0.389
Validation accuracy: 0.709
Round 5 done
training loss: 0.325
Validation accuracy: 0.720
Round 6 done
training loss: 0.258
Validation accuracy: 0.732
Round 7 done
training loss: 0.208
Validation accuracy: 0.742
Round 8 done
training loss: 0.150
Validation accuracy: 0.752
Round 9 done
training loss: 0.164
Validation accuracy: 0.754
Round 10 done
training loss: 0.103
Validation accuracy: 0.760
Round 11 done
training loss: 0.128
Validation accuracy: 0.762
Round 12 done
training loss: 0.089
Validation accuracy: 0.759
Round 13 done
training loss: 0.111
Validation accuracy: 0.760
Round 14 done
training loss: 0.084
Validation accuracy: 0.756
Round 15 done
training loss: 0.099
Validation accuracy: 0.763
Round 16 done
training loss: 0.068
Validation accuracy: 0.770
Round 17 done
training loss: 0.091
Validation accuracy: 0.770
Round 18 done
training loss: 0.080
Validation accuracy: 0.762
Round 19 done
training loss: 0.074
Validation accuracy: 0.769
Round 20 done
training loss: 0.070
Validation accuracy: 0.768
Finished Training in 20 rounds
Number of clients: 10
Number of clients per round: 10
loading data:
  number of training samples: 40000
  number of validation samples: 10000
  number of test samples: 10000

splitting data:
  10 splits with 4000 samples each

Round 1 done
training loss: 0.999
Validation accuracy: 0.431
Round 2 done
training loss: 0.715
Validation accuracy: 0.670
Round 3 done
training loss: 0.516
Validation accuracy: 0.718
Round 4 done
training loss: 0.398
Validation accuracy: 0.735
Round 5 done
training loss: 0.309
Validation accuracy: 0.755
Round 6 done
training loss: 0.246
Validation accuracy: 0.767
Round 7 done
training loss: 0.189
Validation accuracy: 0.778
Finished Training in 7 rounds
Number of clients: 100
Number of clients per round: 10
loading data:
  number of training samples: 40000
  number of validation samples: 10000
  number of test samples: 10000

splitting data:
  100 splits with 400 samples each

Round 1 done
training loss: 1.626
Validation accuracy: 0.197
Round 2 done
training loss: 1.615
Validation accuracy: 0.340
Round 3 done
training loss: 1.397
Validation accuracy: 0.428
Round 4 done
training loss: 1.282
Validation accuracy: 0.465
Round 5 done
training loss: 1.161
Validation accuracy: 0.491
Round 6 done
training loss: 1.127
Validation accuracy: 0.519
Round 7 done
training loss: 1.051
Validation accuracy: 0.534
Round 8 done
training loss: 1.044
Validation accuracy: 0.541
Round 9 done
training loss: 0.933
Validation accuracy: 0.557
Round 10 done
training loss: 0.909
Validation accuracy: 0.574
Round 11 done
training loss: 0.868
Validation accuracy: 0.589
Round 12 done
training loss: 0.832
Validation accuracy: 0.594
Round 13 done
training loss: 0.791
Validation accuracy: 0.613
Round 14 done
training loss: 0.771
Validation accuracy: 0.616
Round 15 done
training loss: 0.733
Validation accuracy: 0.617
Round 16 done
training loss: 0.694
Validation accuracy: 0.634
Round 17 done
training loss: 0.698
Validation accuracy: 0.634
Round 18 done
training loss: 0.633
Validation accuracy: 0.644
Round 19 done
training loss: 0.648
Validation accuracy: 0.646
Round 20 done
training loss: 0.572
Validation accuracy: 0.652
Round 21 done
training loss: 0.625
Validation accuracy: 0.653
Round 22 done
training loss: 0.572
Validation accuracy: 0.654
Round 23 done
training loss: 0.557
Validation accuracy: 0.666
Round 24 done
training loss: 0.562
Validation accuracy: 0.666
Round 25 done
training loss: 0.527
Validation accuracy: 0.674
Round 26 done
training loss: 0.514
Validation accuracy: 0.676
Round 27 done
training loss: 0.493
Validation accuracy: 0.675
Round 28 done
training loss: 0.517
Validation accuracy: 0.682
Round 29 done
training loss: 0.497
Validation accuracy: 0.682
Round 30 done
training loss: 0.521
Validation accuracy: 0.682
Round 31 done
training loss: 0.483
Validation accuracy: 0.688
Round 32 done
training loss: 0.464
Validation accuracy: 0.690
Round 33 done
training loss: 0.463
Validation accuracy: 0.693
Round 34 done
training loss: 0.465
Validation accuracy: 0.693
Round 35 done
training loss: 0.442
Validation accuracy: 0.694
Round 36 done
training loss: 0.421
Validation accuracy: 0.703
Round 37 done
training loss: 0.451
Validation accuracy: 0.697
Round 38 done
training loss: 0.390
Validation accuracy: 0.698
Round 39 done
training loss: 0.398
Validation accuracy: 0.704
Round 40 done
training loss: 0.380
Validation accuracy: 0.709
Round 41 done
training loss: 0.417
Validation accuracy: 0.708
Round 42 done
training loss: 0.392
Validation accuracy: 0.710
Round 43 done
training loss: 0.392
Validation accuracy: 0.716
Round 44 done
training loss: 0.363
Validation accuracy: 0.714
Round 45 done
training loss: 0.398
Validation accuracy: 0.712
Round 46 done
training loss: 0.352
Validation accuracy: 0.718
Round 47 done
training loss: 0.344
Validation accuracy: 0.720
Round 48 done
training loss: 0.365
Validation accuracy: 0.717
Round 49 done
training loss: 0.347
Validation accuracy: 0.720
Round 50 done
training loss: 0.343
Validation accuracy: 0.719
Round 51 done
training loss: 0.326
Validation accuracy: 0.723
Round 52 done
training loss: 0.306
Validation accuracy: 0.722
Round 53 done
training loss: 0.332
Validation accuracy: 0.726
Round 54 done
training loss: 0.336
Validation accuracy: 0.720
Round 55 done
training loss: 0.318
Validation accuracy: 0.722
Round 56 done
training loss: 0.314
Validation accuracy: 0.726
Round 57 done
training loss: 0.323
Validation accuracy: 0.730
Round 58 done
training loss: 0.288
Validation accuracy: 0.727
Round 59 done
training loss: 0.274
Validation accuracy: 0.735
Round 60 done
training loss: 0.316
Validation accuracy: 0.732
Round 61 done
training loss: 0.292
Validation accuracy: 0.731
Round 62 done
training loss: 0.299
Validation accuracy: 0.733
Round 63 done
training loss: 0.279
Validation accuracy: 0.737
Round 64 done
training loss: 0.268
Validation accuracy: 0.731
Round 65 done
training loss: 0.279
Validation accuracy: 0.741
Round 66 done
training loss: 0.247
Validation accuracy: 0.732
Round 67 done
training loss: 0.257
Validation accuracy: 0.737
Round 68 done
training loss: 0.247
Validation accuracy: 0.740
Round 69 done
training loss: 0.255
Validation accuracy: 0.738
Round 70 done
training loss: 0.242
Validation accuracy: 0.737
Round 71 done
training loss: 0.235
Validation accuracy: 0.738
Round 72 done
training loss: 0.270
Validation accuracy: 0.740
Round 73 done
training loss: 0.225
Validation accuracy: 0.741
Round 74 done
training loss: 0.253
Validation accuracy: 0.744
Round 75 done
training loss: 0.233
Validation accuracy: 0.744
Round 76 done
training loss: 0.222
Validation accuracy: 0.742
Round 77 done
training loss: 0.238
Validation accuracy: 0.745
Round 78 done
training loss: 0.237
Validation accuracy: 0.744
Round 79 done
training loss: 0.237
Validation accuracy: 0.741
Round 80 done
training loss: 0.250
Validation accuracy: 0.746
Round 81 done
training loss: 0.245
Validation accuracy: 0.745
Round 82 done
training loss: 0.218
Validation accuracy: 0.751
Round 83 done
training loss: 0.216
Validation accuracy: 0.748
Round 84 done
training loss: 0.225
Validation accuracy: 0.748
Round 85 done
training loss: 0.213
Validation accuracy: 0.749
Round 86 done
training loss: 0.210
Validation accuracy: 0.750
Round 87 done
training loss: 0.226
Validation accuracy: 0.751
Round 88 done
training loss: 0.184
Validation accuracy: 0.751
Round 89 done
training loss: 0.217
Validation accuracy: 0.748
Round 90 done
training loss: 0.200
Validation accuracy: 0.752
Round 91 done
training loss: 0.185
Validation accuracy: 0.753
Round 92 done
training loss: 0.198
Validation accuracy: 0.751
Round 93 done
training loss: 0.198
Validation accuracy: 0.754
Round 94 done
training loss: 0.199
Validation accuracy: 0.755
Round 95 done
training loss: 0.198
Validation accuracy: 0.754
Round 96 done
training loss: 0.188
Validation accuracy: 0.755
Round 97 done
training loss: 0.193
Validation accuracy: 0.753
Round 98 done
training loss: 0.185
Validation accuracy: 0.753
Round 99 done
training loss: 0.182
Validation accuracy: 0.755
Round 100 done
training loss: 0.195
Validation accuracy: 0.752
Finished Training in 100 rounds
Number of clients: 100
Number of clients per round: 20
loading data:
  number of training samples: 40000
  number of validation samples: 10000
  number of test samples: 10000

splitting data:
  100 splits with 400 samples each

Round 1 done
training loss: 1.596
Validation accuracy: 0.139
Round 2 done
training loss: 1.564
Validation accuracy: 0.352
Round 3 done
training loss: 1.341
Validation accuracy: 0.432
Round 4 done
training loss: 1.216
Validation accuracy: 0.470
Round 5 done
training loss: 1.132
Validation accuracy: 0.493
Round 6 done
training loss: 1.037
Validation accuracy: 0.513
Round 7 done
training loss: 0.970
Validation accuracy: 0.536
Round 8 done
training loss: 0.896
Validation accuracy: 0.549
Round 9 done
training loss: 0.839
Validation accuracy: 0.570
Round 10 done
training loss: 0.807
Validation accuracy: 0.581
Round 11 done
training loss: 0.786
Validation accuracy: 0.592
Round 12 done
training loss: 0.722
Validation accuracy: 0.604
Round 13 done
training loss: 0.663
Validation accuracy: 0.612
Round 14 done
training loss: 0.690
Validation accuracy: 0.625
Round 15 done
training loss: 0.614
Validation accuracy: 0.638
Round 16 done
training loss: 0.605
Validation accuracy: 0.640
Round 17 done
training loss: 0.572
Validation accuracy: 0.648
Round 18 done
training loss: 0.571
Validation accuracy: 0.647
Round 19 done
training loss: 0.545
Validation accuracy: 0.656
Round 20 done
training loss: 0.506
Validation accuracy: 0.663
Round 21 done
training loss: 0.499
Validation accuracy: 0.667
Round 22 done
training loss: 0.457
Validation accuracy: 0.670
Round 23 done
training loss: 0.470
Validation accuracy: 0.679
Round 24 done
training loss: 0.433
Validation accuracy: 0.677
Round 25 done
training loss: 0.444
Validation accuracy: 0.684
Round 26 done
training loss: 0.430
Validation accuracy: 0.685
Round 27 done
training loss: 0.399
Validation accuracy: 0.686
Round 28 done
training loss: 0.401
Validation accuracy: 0.692
Round 29 done
training loss: 0.411
Validation accuracy: 0.699
Round 30 done
training loss: 0.382
Validation accuracy: 0.696
Round 31 done
training loss: 0.358
Validation accuracy: 0.701
Round 32 done
training loss: 0.353
Validation accuracy: 0.705
Round 33 done
training loss: 0.348
Validation accuracy: 0.707
Round 34 done
training loss: 0.335
Validation accuracy: 0.708
Round 35 done
training loss: 0.332
Validation accuracy: 0.712
Round 36 done
training loss: 0.327
Validation accuracy: 0.712
Round 37 done
training loss: 0.309
Validation accuracy: 0.717
Round 38 done
training loss: 0.303
Validation accuracy: 0.716
Round 39 done
training loss: 0.286
Validation accuracy: 0.721
Round 40 done
training loss: 0.297
Validation accuracy: 0.725
Round 41 done
training loss: 0.297
Validation accuracy: 0.722
Round 42 done
training loss: 0.294
Validation accuracy: 0.723
Round 43 done
training loss: 0.287
Validation accuracy: 0.729
Round 44 done
training loss: 0.261
Validation accuracy: 0.730
Round 45 done
training loss: 0.253
Validation accuracy: 0.733
Round 46 done
training loss: 0.272
Validation accuracy: 0.735
Round 47 done
training loss: 0.251
Validation accuracy: 0.732
Round 48 done
training loss: 0.248
Validation accuracy: 0.733
Round 49 done
training loss: 0.255
Validation accuracy: 0.736
Round 50 done
training loss: 0.249
Validation accuracy: 0.735
Round 51 done
training loss: 0.228
Validation accuracy: 0.739
Round 52 done
training loss: 0.224
Validation accuracy: 0.738
Round 53 done
training loss: 0.212
Validation accuracy: 0.743
Round 54 done
training loss: 0.220
Validation accuracy: 0.740
Round 55 done
training loss: 0.207
Validation accuracy: 0.738
Round 56 done
training loss: 0.209
Validation accuracy: 0.741
Round 57 done
training loss: 0.200
Validation accuracy: 0.740
Round 58 done
training loss: 0.209
Validation accuracy: 0.742
Round 59 done
training loss: 0.202
Validation accuracy: 0.744
Round 60 done
training loss: 0.200
Validation accuracy: 0.743
Round 61 done
training loss: 0.198
Validation accuracy: 0.747
Round 62 done
training loss: 0.180
Validation accuracy: 0.744
Round 63 done
training loss: 0.184
Validation accuracy: 0.746
Round 64 done
training loss: 0.181
Validation accuracy: 0.748
Round 65 done
training loss: 0.184
Validation accuracy: 0.745
Round 66 done
training loss: 0.172
Validation accuracy: 0.750
Round 67 done
training loss: 0.174
Validation accuracy: 0.746
Round 68 done
training loss: 0.161
Validation accuracy: 0.748
Round 69 done
training loss: 0.174
Validation accuracy: 0.749
Round 70 done
training loss: 0.163
Validation accuracy: 0.750
Round 71 done
training loss: 0.180
Validation accuracy: 0.753
Round 72 done
training loss: 0.157
Validation accuracy: 0.754
Round 73 done
training loss: 0.150
Validation accuracy: 0.754
Round 74 done
training loss: 0.153
Validation accuracy: 0.754
Round 75 done
training loss: 0.149
Validation accuracy: 0.754
Round 76 done
training loss: 0.164
Validation accuracy: 0.757
Round 77 done
training loss: 0.155
Validation accuracy: 0.754
Round 78 done
training loss: 0.149
Validation accuracy: 0.748
Round 79 done
training loss: 0.150
Validation accuracy: 0.757
Round 80 done
training loss: 0.153
Validation accuracy: 0.757
Round 81 done
training loss: 0.147
Validation accuracy: 0.756
Round 82 done
training loss: 0.150
Validation accuracy: 0.757
Round 83 done
training loss: 0.140
Validation accuracy: 0.755
Round 84 done
training loss: 0.137
Validation accuracy: 0.758
Round 85 done
training loss: 0.136
Validation accuracy: 0.758
Round 86 done
training loss: 0.133
Validation accuracy: 0.760
Round 87 done
training loss: 0.130
Validation accuracy: 0.758
Round 88 done
training loss: 0.128
Validation accuracy: 0.762
Round 89 done
training loss: 0.137
Validation accuracy: 0.760
Round 90 done
training loss: 0.122
Validation accuracy: 0.762
Round 91 done
training loss: 0.138
Validation accuracy: 0.760
Round 92 done
training loss: 0.123
Validation accuracy: 0.759
Round 93 done
training loss: 0.114
Validation accuracy: 0.760
Round 94 done
training loss: 0.121
Validation accuracy: 0.759
Round 95 done
training loss: 0.121
Validation accuracy: 0.761
Round 96 done
training loss: 0.110
Validation accuracy: 0.762
Round 97 done
training loss: 0.114
Validation accuracy: 0.762
Round 98 done
training loss: 0.124
Validation accuracy: 0.758
Round 99 done
training loss: 0.126
Validation accuracy: 0.763
Round 100 done
training loss: 0.124
Validation accuracy: 0.765
Finished Training in 100 rounds
Number of clients: 500
Number of clients per round: 25
loading data:
  number of training samples: 40000
  number of validation samples: 10000
  number of test samples: 10000

splitting data:
  500 splits with 80 samples each

Round 1 done
training loss: 1.904
Validation accuracy: 0.105
Round 2 done
training loss: 1.882
Validation accuracy: 0.170
Round 3 done
training loss: 1.658
Validation accuracy: 0.201
Round 4 done
training loss: 1.486
Validation accuracy: 0.263
Round 5 done
training loss: 1.432
Validation accuracy: 0.341
Round 6 done
training loss: 1.315
Validation accuracy: 0.371
Round 7 done
training loss: 1.329
Validation accuracy: 0.409
Round 8 done
training loss: 1.209
Validation accuracy: 0.409
Round 9 done
training loss: 1.194
Validation accuracy: 0.432
Round 10 done
training loss: 1.148
Validation accuracy: 0.444
Round 11 done
training loss: 1.162
Validation accuracy: 0.438
Round 12 done
training loss: 1.119
Validation accuracy: 0.459
Round 13 done
training loss: 1.110
Validation accuracy: 0.466
Round 14 done
training loss: 1.041
Validation accuracy: 0.466
Round 15 done
training loss: 1.054
Validation accuracy: 0.482
Round 16 done
training loss: 1.045
Validation accuracy: 0.491
Round 17 done
training loss: 0.952
Validation accuracy: 0.484
Round 18 done
training loss: 1.031
Validation accuracy: 0.498
Round 19 done
training loss: 0.910
Validation accuracy: 0.502
Round 20 done
training loss: 0.917
Validation accuracy: 0.511
Round 21 done
training loss: 0.936
Validation accuracy: 0.518
Round 22 done
training loss: 0.851
Validation accuracy: 0.518
Round 23 done
training loss: 0.892
Validation accuracy: 0.525
Round 24 done
training loss: 0.824
Validation accuracy: 0.531
Round 25 done
training loss: 0.822
Validation accuracy: 0.530
Round 26 done
training loss: 0.861
Validation accuracy: 0.540
Round 27 done
training loss: 0.817
Validation accuracy: 0.545
Round 28 done
training loss: 0.803
Validation accuracy: 0.547
Round 29 done
training loss: 0.861
Validation accuracy: 0.540
Round 30 done
training loss: 0.824
Validation accuracy: 0.554
Round 31 done
training loss: 0.784
Validation accuracy: 0.557
Round 32 done
training loss: 0.786
Validation accuracy: 0.545
Round 33 done
training loss: 0.725
Validation accuracy: 0.562
Round 34 done
training loss: 0.747
Validation accuracy: 0.564
Round 35 done
training loss: 0.708
Validation accuracy: 0.575
Round 36 done
training loss: 0.688
Validation accuracy: 0.580
Round 37 done
training loss: 0.675
Validation accuracy: 0.576
Round 38 done
training loss: 0.724
Validation accuracy: 0.573
Round 39 done
training loss: 0.657
Validation accuracy: 0.581
Round 40 done
training loss: 0.747
Validation accuracy: 0.574
Round 41 done
training loss: 0.650
Validation accuracy: 0.587
Round 42 done
training loss: 0.660
Validation accuracy: 0.591
Round 43 done
training loss: 0.689
Validation accuracy: 0.590
Round 44 done
training loss: 0.680
Validation accuracy: 0.589
Round 45 done
training loss: 0.655
Validation accuracy: 0.595
Round 46 done
training loss: 0.688
Validation accuracy: 0.606
Round 47 done
training loss: 0.632
Validation accuracy: 0.595
Round 48 done
training loss: 0.646
Validation accuracy: 0.606
Round 49 done
training loss: 0.658
Validation accuracy: 0.603
Round 50 done
training loss: 0.611
Validation accuracy: 0.594
Round 51 done
training loss: 0.666
Validation accuracy: 0.603
Round 52 done
training loss: 0.626
Validation accuracy: 0.610
Round 53 done
training loss: 0.572
Validation accuracy: 0.614
Round 54 done
training loss: 0.608
Validation accuracy: 0.616
Round 55 done
training loss: 0.596
Validation accuracy: 0.618
Round 56 done
training loss: 0.614
Validation accuracy: 0.614
Round 57 done
training loss: 0.655
Validation accuracy: 0.614
Round 58 done
training loss: 0.606
Validation accuracy: 0.618
Round 59 done
training loss: 0.591
Validation accuracy: 0.615
Round 60 done
training loss: 0.630
Validation accuracy: 0.618
Round 61 done
training loss: 0.536
Validation accuracy: 0.619
Round 62 done
training loss: 0.589
Validation accuracy: 0.625
Round 63 done
training loss: 0.524
Validation accuracy: 0.622
Round 64 done
training loss: 0.608
Validation accuracy: 0.629
Round 65 done
training loss: 0.544
Validation accuracy: 0.625
Round 66 done
training loss: 0.567
Validation accuracy: 0.623
Round 67 done
training loss: 0.579
Validation accuracy: 0.621
Round 68 done
training loss: 0.548
Validation accuracy: 0.630
Round 69 done
training loss: 0.573
Validation accuracy: 0.633
Round 70 done
training loss: 0.608
Validation accuracy: 0.623
Round 71 done
training loss: 0.548
Validation accuracy: 0.637
Round 72 done
training loss: 0.560
Validation accuracy: 0.636
Round 73 done
training loss: 0.568
Validation accuracy: 0.634
Round 74 done
training loss: 0.534
Validation accuracy: 0.631
Round 75 done
training loss: 0.536
Validation accuracy: 0.635
Round 76 done
training loss: 0.527
Validation accuracy: 0.641
Round 77 done
training loss: 0.563
Validation accuracy: 0.633
Round 78 done
training loss: 0.553
Validation accuracy: 0.631
Round 79 done
training loss: 0.525
Validation accuracy: 0.648
Round 80 done
training loss: 0.549
Validation accuracy: 0.640
Round 81 done
training loss: 0.537
Validation accuracy: 0.650
Round 82 done
training loss: 0.592
Validation accuracy: 0.625
Round 83 done
training loss: 0.540
Validation accuracy: 0.644
Round 84 done
training loss: 0.572
Validation accuracy: 0.637
Round 85 done
training loss: 0.566
Validation accuracy: 0.654
Round 86 done
training loss: 0.463
Validation accuracy: 0.652
Round 87 done
training loss: 0.498
Validation accuracy: 0.647
Round 88 done
training loss: 0.495
Validation accuracy: 0.652
Round 89 done
training loss: 0.563
Validation accuracy: 0.645
Round 90 done
training loss: 0.439
Validation accuracy: 0.650
Round 91 done
training loss: 0.537
Validation accuracy: 0.655
Round 92 done
training loss: 0.534
Validation accuracy: 0.646
Round 93 done
training loss: 0.459
Validation accuracy: 0.647
Round 94 done
training loss: 0.489
Validation accuracy: 0.654
Round 95 done
training loss: 0.496
Validation accuracy: 0.642
Round 96 done
training loss: 0.513
Validation accuracy: 0.654
Round 97 done
training loss: 0.490
Validation accuracy: 0.663
Round 98 done
training loss: 0.491
Validation accuracy: 0.665
Round 99 done
training loss: 0.459
Validation accuracy: 0.670
Round 100 done
training loss: 0.517
Validation accuracy: 0.636
Round 101 done
training loss: 0.465
Validation accuracy: 0.655
Round 102 done
training loss: 0.526
Validation accuracy: 0.653
Round 103 done
training loss: 0.457
Validation accuracy: 0.656
Round 104 done
training loss: 0.471
Validation accuracy: 0.658
Round 105 done
training loss: 0.461
Validation accuracy: 0.653
Round 106 done
training loss: 0.502
Validation accuracy: 0.664
Round 107 done
training loss: 0.476
Validation accuracy: 0.657
Round 108 done
training loss: 0.506
Validation accuracy: 0.655
Round 109 done
training loss: 0.439
Validation accuracy: 0.653
Round 110 done
training loss: 0.522
Validation accuracy: 0.661
Round 111 done
training loss: 0.469
Validation accuracy: 0.666
Round 112 done
training loss: 0.533
Validation accuracy: 0.668
Round 113 done
training loss: 0.451
Validation accuracy: 0.661
Round 114 done
training loss: 0.443
Validation accuracy: 0.669
Round 115 done
training loss: 0.470
Validation accuracy: 0.656
Round 116 done
training loss: 0.526
Validation accuracy: 0.651
Round 117 done
training loss: 0.490
Validation accuracy: 0.668
Round 118 done
training loss: 0.500
Validation accuracy: 0.659
Round 119 done
training loss: 0.520
Validation accuracy: 0.659
Round 120 done
training loss: 0.487
Validation accuracy: 0.651
Round 121 done
training loss: 0.501
Validation accuracy: 0.675
Round 122 done
training loss: 0.516
Validation accuracy: 0.654
Round 123 done
training loss: 0.535
Validation accuracy: 0.667
Round 124 done
training loss: 0.502
Validation accuracy: 0.663
Round 125 done
training loss: 0.505
Validation accuracy: 0.675
Round 126 done
training loss: 0.483
Validation accuracy: 0.670
Round 127 done
training loss: 0.510
Validation accuracy: 0.663
Round 128 done
training loss: 0.469
Validation accuracy: 0.667
Round 129 done
training loss: 0.501
Validation accuracy: 0.662
Round 130 done
training loss: 0.472
Validation accuracy: 0.667
Round 131 done
training loss: 0.455
Validation accuracy: 0.662
Round 132 done
training loss: 0.471
Validation accuracy: 0.651
Round 133 done
training loss: 0.541
Validation accuracy: 0.672
Round 134 done
training loss: 0.507
Validation accuracy: 0.665
Round 135 done
training loss: 0.472
Validation accuracy: 0.667
Round 136 done
training loss: 0.471
Validation accuracy: 0.671
Round 137 done
training loss: 0.451
Validation accuracy: 0.658
Round 138 done
training loss: 0.463
Validation accuracy: 0.655
Round 139 done
training loss: 0.489
Validation accuracy: 0.667
Round 140 done
training loss: 0.501
Validation accuracy: 0.660
Round 141 done
training loss: 0.507
Validation accuracy: 0.674
Round 142 done
training loss: 0.504
Validation accuracy: 0.663
Round 143 done
training loss: 0.517
Validation accuracy: 0.662
Round 144 done
training loss: 0.517
Validation accuracy: 0.656
Round 145 done
training loss: 0.547
Validation accuracy: 0.671
Round 146 done
training loss: 0.504
Validation accuracy: 0.651
Round 147 done
training loss: 0.516
Validation accuracy: 0.666
Round 148 done
training loss: 0.449
Validation accuracy: 0.675
Round 149 done
training loss: 0.513
Validation accuracy: 0.660
Round 150 done
training loss: 0.482
Validation accuracy: 0.663
Round 151 done
training loss: 0.537
Validation accuracy: 0.666
Round 152 done
training loss: 0.520
Validation accuracy: 0.660
Round 153 done
training loss: 0.504
Validation accuracy: 0.657
Round 154 done
training loss: 0.524
Validation accuracy: 0.671
Round 155 done
training loss: 0.502
Validation accuracy: 0.675
Round 156 done
training loss: 0.489
Validation accuracy: 0.671
Round 157 done
training loss: 0.530
Validation accuracy: 0.664
Round 158 done
training loss: 0.513
Validation accuracy: 0.663
Round 159 done
training loss: 0.540
Validation accuracy: 0.655
Round 160 done
training loss: 0.527
Validation accuracy: 0.666
Round 161 done
training loss: 0.480
Validation accuracy: 0.670
Round 162 done
training loss: 0.563
Validation accuracy: 0.659
Round 163 done
training loss: 0.581
Validation accuracy: 0.659
Round 164 done
training loss: 0.567
Validation accuracy: 0.659
Round 165 done
training loss: 0.553
Validation accuracy: 0.673
Round 166 done
training loss: 0.593
Validation accuracy: 0.662
Round 167 done
training loss: 0.539
Validation accuracy: 0.653
Round 168 done
training loss: 0.610
Validation accuracy: 0.659
Round 169 done
training loss: 0.618
Validation accuracy: 0.625
Round 170 done
training loss: 0.568
Validation accuracy: 0.652
Round 171 done
training loss: 0.606
Validation accuracy: 0.648
Round 172 done
training loss: 0.564
Validation accuracy: 0.659
Round 173 done
training loss: 0.551
Validation accuracy: 0.657
Round 174 done
training loss: 0.568
Validation accuracy: 0.627
Round 175 done
training loss: 0.520
Validation accuracy: 0.649
Round 176 done
training loss: 0.526
Validation accuracy: 0.659
Round 177 done
training loss: 0.609
Validation accuracy: 0.656
Round 178 done
training loss: 0.575
Validation accuracy: 0.659
Round 179 done
training loss: 0.612
Validation accuracy: 0.626
Round 180 done
training loss: 0.484
Validation accuracy: 0.666
Round 181 done
training loss: 0.518
Validation accuracy: 0.637
Round 182 done
training loss: 0.533
Validation accuracy: 0.662
Round 183 done
training loss: 0.547
Validation accuracy: 0.649
Round 184 done
training loss: 0.484
Validation accuracy: 0.638
Round 185 done
training loss: 0.557
Validation accuracy: 0.644
Round 186 done
training loss: 0.534
Validation accuracy: 0.647
Round 187 done
training loss: 0.539
Validation accuracy: 0.668
Round 188 done
training loss: 0.586
Validation accuracy: 0.658
Round 189 done
training loss: 0.536
Validation accuracy: 0.655
Round 190 done
training loss: 0.539
Validation accuracy: 0.652
Round 191 done
training loss: 0.598
Validation accuracy: 0.657
Round 192 done
training loss: 0.611
Validation accuracy: 0.645
Round 193 done
training loss: 0.561
Validation accuracy: 0.601
Round 194 done
training loss: 0.584
Validation accuracy: 0.652
Round 195 done
training loss: 0.531
Validation accuracy: 0.655
Round 196 done
training loss: 0.551
Validation accuracy: 0.628
Round 197 done
training loss: 0.592
Validation accuracy: 0.604
Round 198 done
training loss: 0.501
Validation accuracy: 0.645
Round 199 done
training loss: 0.610
Validation accuracy: 0.639
Round 200 done
training loss: 0.518
Validation accuracy: 0.627
Round 201 done
training loss: 0.631
Validation accuracy: 0.639
Round 202 done
training loss: 0.564
Validation accuracy: 0.650
Round 203 done
training loss: 0.528
Validation accuracy: 0.646
Round 204 done
training loss: 0.574
Validation accuracy: 0.629
Round 205 done
training loss: 0.573
Validation accuracy: 0.619
Round 206 done
training loss: 0.507
Validation accuracy: 0.627
Round 207 done
training loss: 0.571
Validation accuracy: 0.621
Round 208 done
training loss: 0.512
Validation accuracy: 0.644
Round 209 done
training loss: 0.631
Validation accuracy: 0.618
Round 210 done
training loss: 0.571
Validation accuracy: 0.641
Round 211 done
training loss: 0.579
Validation accuracy: 0.626
Round 212 done
training loss: 0.564
Validation accuracy: 0.619
Round 213 done
training loss: 0.558
Validation accuracy: 0.650
Round 214 done
training loss: 0.582
Validation accuracy: 0.628
Round 215 done
training loss: 0.674
Validation accuracy: 0.647
Round 216 done
training loss: 0.524
Validation accuracy: 0.648
Round 217 done
training loss: 0.671
Validation accuracy: 0.659
Round 218 done
training loss: 0.612
Validation accuracy: 0.646
Round 219 done
training loss: 0.579
Validation accuracy: 0.633
Round 220 done
training loss: 0.518
Validation accuracy: 0.642
Round 221 done
training loss: 0.610
Validation accuracy: 0.611
Round 222 done
training loss: 0.522
Validation accuracy: 0.644
Round 223 done
training loss: 0.570
Validation accuracy: 0.639
Round 224 done
training loss: 0.563
Validation accuracy: 0.617
Round 225 done
training loss: 0.578
Validation accuracy: 0.646
Round 226 done
training loss: 0.610
Validation accuracy: 0.628
Round 227 done
training loss: 0.594
Validation accuracy: 0.622
Round 228 done
training loss: 0.658
Validation accuracy: 0.641
Round 229 done
training loss: 0.591
Validation accuracy: 0.655
Round 230 done
training loss: 0.615
Validation accuracy: 0.627
Round 231 done
training loss: 0.587
Validation accuracy: 0.632
Round 232 done
training loss: 0.527
Validation accuracy: 0.611
Round 233 done
training loss: 0.642
Validation accuracy: 0.627
Round 234 done
training loss: 0.584
Validation accuracy: 0.654
Round 235 done
training loss: 0.624
Validation accuracy: 0.622
Round 236 done
training loss: 0.579
Validation accuracy: 0.625
Round 237 done
training loss: 0.609
Validation accuracy: 0.635
Round 238 done
training loss: 0.582
Validation accuracy: 0.655
Round 239 done
training loss: 0.574
Validation accuracy: 0.661
Round 240 done
training loss: 0.623
Validation accuracy: 0.654
Round 241 done
training loss: 0.571
Validation accuracy: 0.637
Round 242 done
training loss: 0.609
Validation accuracy: 0.618
Round 243 done
training loss: 0.615
Validation accuracy: 0.607
Round 244 done
training loss: 0.639
Validation accuracy: 0.651
Round 245 done
training loss: 0.579
Validation accuracy: 0.629
Round 246 done
training loss: 0.611
Validation accuracy: 0.629
Round 247 done
training loss: 0.613
Validation accuracy: 0.638
Round 248 done
training loss: 0.617
Validation accuracy: 0.632
Round 249 done
training loss: 0.599
Validation accuracy: 0.624
Round 250 done
training loss: 0.565
Validation accuracy: 0.625
Round 251 done
training loss: 0.593
Validation accuracy: 0.621
Round 252 done
training loss: 0.619
Validation accuracy: 0.643
Round 253 done
training loss: 0.601
Validation accuracy: 0.608
Round 254 done
training loss: 0.544
Validation accuracy: 0.676
Round 255 done
training loss: 0.668
Validation accuracy: 0.610
Round 256 done
training loss: 0.612
Validation accuracy: 0.633
Round 257 done
training loss: 0.615
Validation accuracy: 0.625
Round 258 done
training loss: 0.599
Validation accuracy: 0.627
Round 259 done
training loss: 0.585
Validation accuracy: 0.649
Round 260 done
training loss: 0.596
Validation accuracy: 0.630
Round 261 done
training loss: 0.674
Validation accuracy: 0.632
Round 262 done
training loss: 0.673
Validation accuracy: 0.641
Round 263 done
training loss: 0.647
Validation accuracy: 0.612
Round 264 done
training loss: 0.571
Validation accuracy: 0.628
Round 265 done
training loss: 0.683
Validation accuracy: 0.613
Round 266 done
training loss: 0.597
Validation accuracy: 0.624
Round 267 done
training loss: 0.647
Validation accuracy: 0.626
Round 268 done
training loss: 0.579
Validation accuracy: 0.621
Round 269 done
training loss: 0.617
Validation accuracy: 0.600
Round 270 done
training loss: 0.685
Validation accuracy: 0.615
Round 271 done
training loss: 0.735
Validation accuracy: 0.629
Round 272 done
training loss: 0.611
Validation accuracy: 0.637
Round 273 done
training loss: 0.706
Validation accuracy: 0.644
Round 274 done
training loss: 0.589
Validation accuracy: 0.646
Round 275 done
training loss: 0.688
Validation accuracy: 0.631
Round 276 done
training loss: 0.633
Validation accuracy: 0.632
Round 277 done
training loss: 0.734
Validation accuracy: 0.642
Round 278 done
training loss: 0.718
Validation accuracy: 0.633
Round 279 done
training loss: 0.665
Validation accuracy: 0.639
Round 280 done
training loss: 0.680
Validation accuracy: 0.629
Round 281 done
training loss: 0.579
Validation accuracy: 0.627
Round 282 done
training loss: 0.608
Validation accuracy: 0.632
Round 283 done
training loss: 0.659
Validation accuracy: 0.646
Round 284 done
training loss: 0.734
Validation accuracy: 0.651
Round 285 done
training loss: 0.574
Validation accuracy: 0.634
Round 286 done
training loss: 0.585
Validation accuracy: 0.607
Round 287 done
training loss: 0.643
Validation accuracy: 0.611
Round 288 done
training loss: 0.642
Validation accuracy: 0.618
Round 289 done
training loss: 0.740
Validation accuracy: 0.637
Round 290 done
training loss: 0.539
Validation accuracy: 0.646
Round 291 done
training loss: 0.638
Validation accuracy: 0.643
Round 292 done
training loss: 0.687
Validation accuracy: 0.617
Round 293 done
training loss: 0.603
Validation accuracy: 0.631
Round 294 done
training loss: 0.614
Validation accuracy: 0.650
Round 295 done
training loss: 0.650
Validation accuracy: 0.628
Round 296 done
training loss: 0.641
Validation accuracy: 0.663
Round 297 done
training loss: 0.619
Validation accuracy: 0.652
Round 298 done
training loss: 0.586
Validation accuracy: 0.631
Round 299 done
training loss: 0.684
Validation accuracy: 0.628
Round 300 done
training loss: 0.718
Validation accuracy: 0.637
Finished Training in 300 rounds
Number of clients: 500
Number of clients per round: 50
loading data:
  number of training samples: 40000
  number of validation samples: 10000
  number of test samples: 10000

splitting data:
  500 splits with 80 samples each

Round 1 done
training loss: 1.935
Validation accuracy: 0.145
Round 2 done
training loss: 1.896
Validation accuracy: 0.136
Round 3 done
training loss: 1.667
Validation accuracy: 0.235
Round 4 done
training loss: 1.577
Validation accuracy: 0.323
Round 5 done
training loss: 1.491
Validation accuracy: 0.364
Round 6 done
training loss: 1.373
Validation accuracy: 0.377
Round 7 done
training loss: 1.313
Validation accuracy: 0.394
Round 8 done
training loss: 1.284
Validation accuracy: 0.409
Round 9 done
training loss: 1.199
Validation accuracy: 0.424
Round 10 done
training loss: 1.201
Validation accuracy: 0.437
Round 11 done
training loss: 1.158
Validation accuracy: 0.446
Round 12 done
training loss: 1.147
Validation accuracy: 0.451
Round 13 done
training loss: 1.106
Validation accuracy: 0.464
Round 14 done
training loss: 1.101
Validation accuracy: 0.467
Round 15 done
training loss: 1.069
Validation accuracy: 0.468
Round 16 done
training loss: 1.058
Validation accuracy: 0.476
Round 17 done
training loss: 1.003
Validation accuracy: 0.481
Round 18 done
training loss: 0.995
Validation accuracy: 0.491
Round 19 done
training loss: 0.974
Validation accuracy: 0.497
Round 20 done
training loss: 0.999
Validation accuracy: 0.499
Round 21 done
training loss: 0.950
Validation accuracy: 0.504
Round 22 done
training loss: 0.930
Validation accuracy: 0.508
Round 23 done
training loss: 0.947
Validation accuracy: 0.518
Round 24 done
training loss: 0.927
Validation accuracy: 0.524
Round 25 done
training loss: 0.907
Validation accuracy: 0.525
Round 26 done
training loss: 0.917
Validation accuracy: 0.538
Round 27 done
training loss: 0.878
Validation accuracy: 0.537
Round 28 done
training loss: 0.888
Validation accuracy: 0.535
Round 29 done
training loss: 0.857
Validation accuracy: 0.543
Round 30 done
training loss: 0.857
Validation accuracy: 0.550
Round 31 done
training loss: 0.829
Validation accuracy: 0.547
Round 32 done
training loss: 0.780
Validation accuracy: 0.562
Round 33 done
training loss: 0.845
Validation accuracy: 0.555
Round 34 done
training loss: 0.779
Validation accuracy: 0.558
Round 35 done
training loss: 0.798
Validation accuracy: 0.565
Round 36 done
training loss: 0.786
Validation accuracy: 0.571
Round 37 done
training loss: 0.790
Validation accuracy: 0.570
Round 38 done
training loss: 0.782
Validation accuracy: 0.572
Round 39 done
training loss: 0.807
Validation accuracy: 0.576
Round 40 done
training loss: 0.713
Validation accuracy: 0.581
Round 41 done
training loss: 0.717
Validation accuracy: 0.582
Round 42 done
training loss: 0.746
Validation accuracy: 0.581
Round 43 done
training loss: 0.702
Validation accuracy: 0.588
Round 44 done
training loss: 0.733
Validation accuracy: 0.592
Round 45 done
training loss: 0.706
Validation accuracy: 0.587
Round 46 done
training loss: 0.716
Validation accuracy: 0.598
Round 47 done
training loss: 0.712
Validation accuracy: 0.589
Round 48 done
training loss: 0.731
Validation accuracy: 0.600
Round 49 done
training loss: 0.704
Validation accuracy: 0.592
Round 50 done
training loss: 0.676
Validation accuracy: 0.601
Round 51 done
training loss: 0.662
Validation accuracy: 0.605
Round 52 done
training loss: 0.655
Validation accuracy: 0.605
Round 53 done
training loss: 0.645
Validation accuracy: 0.608
Round 54 done
training loss: 0.662
Validation accuracy: 0.606
Round 55 done
training loss: 0.627
Validation accuracy: 0.610
Round 56 done
training loss: 0.679
Validation accuracy: 0.608
Round 57 done
training loss: 0.630
Validation accuracy: 0.616
Round 58 done
training loss: 0.625
Validation accuracy: 0.618
Round 59 done
training loss: 0.622
Validation accuracy: 0.616
Round 60 done
training loss: 0.654
Validation accuracy: 0.616
Round 61 done
training loss: 0.640
Validation accuracy: 0.619
Round 62 done
training loss: 0.641
Validation accuracy: 0.621
Round 63 done
training loss: 0.598
Validation accuracy: 0.629
Round 64 done
training loss: 0.583
Validation accuracy: 0.625
Round 65 done
training loss: 0.617
Validation accuracy: 0.629
Round 66 done
training loss: 0.611
Validation accuracy: 0.625
Round 67 done
training loss: 0.584
Validation accuracy: 0.622
Round 68 done
training loss: 0.607
Validation accuracy: 0.627
Round 69 done
training loss: 0.587
Validation accuracy: 0.633
Round 70 done
training loss: 0.605
Validation accuracy: 0.628
Round 71 done
training loss: 0.578
Validation accuracy: 0.633
Round 72 done
training loss: 0.583
Validation accuracy: 0.639
Round 73 done
training loss: 0.597
Validation accuracy: 0.639
Round 74 done
training loss: 0.594
Validation accuracy: 0.635
Round 75 done
training loss: 0.581
Validation accuracy: 0.640
Round 76 done
training loss: 0.590
Validation accuracy: 0.644
Round 77 done
training loss: 0.546
Validation accuracy: 0.630
Round 78 done
training loss: 0.584
Validation accuracy: 0.643
Round 79 done
training loss: 0.595
Validation accuracy: 0.635
Round 80 done
training loss: 0.568
Validation accuracy: 0.649
Round 81 done
training loss: 0.559
Validation accuracy: 0.640
Round 82 done
training loss: 0.556
Validation accuracy: 0.649
Round 83 done
training loss: 0.570
Validation accuracy: 0.639
Round 84 done
training loss: 0.567
Validation accuracy: 0.638
Round 85 done
training loss: 0.562
Validation accuracy: 0.639
Round 86 done
training loss: 0.558
Validation accuracy: 0.648
Round 87 done
training loss: 0.539
Validation accuracy: 0.650
Round 88 done
training loss: 0.539
Validation accuracy: 0.640
Round 89 done
training loss: 0.560
Validation accuracy: 0.651
Round 90 done
training loss: 0.569
Validation accuracy: 0.649
Round 91 done
training loss: 0.599
Validation accuracy: 0.641
Round 92 done
training loss: 0.573
Validation accuracy: 0.650
Round 93 done
training loss: 0.565
Validation accuracy: 0.648
Round 94 done
training loss: 0.564
Validation accuracy: 0.650
Round 95 done
training loss: 0.522
Validation accuracy: 0.644
Round 96 done
training loss: 0.531
Validation accuracy: 0.648
Round 97 done
training loss: 0.546
Validation accuracy: 0.643
Round 98 done
training loss: 0.544
Validation accuracy: 0.645
Round 99 done
training loss: 0.555
Validation accuracy: 0.647
Round 100 done
training loss: 0.578
Validation accuracy: 0.641
Round 101 done
training loss: 0.551
Validation accuracy: 0.644
Round 102 done
training loss: 0.571
Validation accuracy: 0.653
Round 103 done
training loss: 0.552
Validation accuracy: 0.648
Round 104 done
training loss: 0.555
Validation accuracy: 0.646
Round 105 done
training loss: 0.554
Validation accuracy: 0.639
Round 106 done
training loss: 0.573
Validation accuracy: 0.642
Round 107 done
training loss: 0.567
Validation accuracy: 0.651
Round 108 done
training loss: 0.545
Validation accuracy: 0.645
Round 109 done
training loss: 0.541
Validation accuracy: 0.650
Round 110 done
training loss: 0.567
Validation accuracy: 0.652
Round 111 done
training loss: 0.580
Validation accuracy: 0.644
Round 112 done
training loss: 0.531
Validation accuracy: 0.652
Round 113 done
training loss: 0.607
Validation accuracy: 0.643
Round 114 done
training loss: 0.541
Validation accuracy: 0.647
Round 115 done
training loss: 0.544
Validation accuracy: 0.650
Round 116 done
training loss: 0.584
Validation accuracy: 0.647
Round 117 done
training loss: 0.543
Validation accuracy: 0.649
Round 118 done
training loss: 0.561
Validation accuracy: 0.653
Round 119 done
training loss: 0.573
Validation accuracy: 0.645
Round 120 done
training loss: 0.571
Validation accuracy: 0.643
Round 121 done
training loss: 0.500
Validation accuracy: 0.660
Round 122 done
training loss: 0.549
Validation accuracy: 0.651
Round 123 done
training loss: 0.532
Validation accuracy: 0.643
Round 124 done
training loss: 0.565
Validation accuracy: 0.652
Round 125 done
training loss: 0.530
Validation accuracy: 0.635
Round 126 done
training loss: 0.589
Validation accuracy: 0.641
Round 127 done
training loss: 0.576
Validation accuracy: 0.657
Round 128 done
training loss: 0.566
Validation accuracy: 0.647
Round 129 done
training loss: 0.567
Validation accuracy: 0.648
Round 130 done
training loss: 0.581
Validation accuracy: 0.651
Round 131 done
training loss: 0.564
Validation accuracy: 0.647
Round 132 done
training loss: 0.582
Validation accuracy: 0.640
Round 133 done
training loss: 0.570
Validation accuracy: 0.651
Round 134 done
training loss: 0.536
Validation accuracy: 0.653
Round 135 done
training loss: 0.573
Validation accuracy: 0.630
Round 136 done
training loss: 0.631
Validation accuracy: 0.639
Round 137 done
training loss: 0.594
Validation accuracy: 0.644
Round 138 done
training loss: 0.609
Validation accuracy: 0.636
Round 139 done
training loss: 0.571
Validation accuracy: 0.635
Round 140 done
training loss: 0.576
Validation accuracy: 0.634
Round 141 done
training loss: 0.601
Validation accuracy: 0.646
Round 142 done
training loss: 0.587
Validation accuracy: 0.630
Round 143 done
training loss: 0.569
Validation accuracy: 0.634
Round 144 done
training loss: 0.550
Validation accuracy: 0.640
Round 145 done
training loss: 0.624
Validation accuracy: 0.634
Round 146 done
training loss: 0.612
Validation accuracy: 0.633
Round 147 done
training loss: 0.578
Validation accuracy: 0.642
Round 148 done
training loss: 0.613
Validation accuracy: 0.626
Round 149 done
training loss: 0.610
Validation accuracy: 0.626
Round 150 done
training loss: 0.614
Validation accuracy: 0.646
Round 151 done
training loss: 0.589
Validation accuracy: 0.637
Round 152 done
training loss: 0.570
Validation accuracy: 0.640
Round 153 done
training loss: 0.599
Validation accuracy: 0.629
Round 154 done
training loss: 0.639
Validation accuracy: 0.634
Round 155 done
training loss: 0.584
Validation accuracy: 0.636
Round 156 done
training loss: 0.595
Validation accuracy: 0.645
Round 157 done
training loss: 0.626
Validation accuracy: 0.625
Round 158 done
training loss: 0.589
Validation accuracy: 0.632
Round 159 done
training loss: 0.602
Validation accuracy: 0.633
Round 160 done
training loss: 0.597
Validation accuracy: 0.626
Round 161 done
training loss: 0.621
Validation accuracy: 0.637
Round 162 done
training loss: 0.571
Validation accuracy: 0.633
Round 163 done
training loss: 0.591
Validation accuracy: 0.644
Round 164 done
training loss: 0.580
Validation accuracy: 0.619
Round 165 done
training loss: 0.612
Validation accuracy: 0.640
Round 166 done
training loss: 0.600
Validation accuracy: 0.628
Round 167 done
training loss: 0.601
Validation accuracy: 0.636
Round 168 done
training loss: 0.607
Validation accuracy: 0.618
Round 169 done
training loss: 0.644
Validation accuracy: 0.618
Round 170 done
training loss: 0.625
Validation accuracy: 0.611
Round 171 done
training loss: 0.625
Validation accuracy: 0.611
Round 172 done
training loss: 0.637
Validation accuracy: 0.628
Round 173 done
training loss: 0.574
Validation accuracy: 0.616
Round 174 done
training loss: 0.599
Validation accuracy: 0.629
Round 175 done
training loss: 0.634
Validation accuracy: 0.631
Round 176 done
training loss: 0.589
Validation accuracy: 0.615
Round 177 done
training loss: 0.666
Validation accuracy: 0.620
Round 178 done
training loss: 0.628
Validation accuracy: 0.624
Round 179 done
training loss: 0.659
Validation accuracy: 0.620
Round 180 done
training loss: 0.633
Validation accuracy: 0.632
Round 181 done
training loss: 0.587
Validation accuracy: 0.623
Round 182 done
training loss: 0.538
Validation accuracy: 0.616
Round 183 done
training loss: 0.598
Validation accuracy: 0.624
Round 184 done
training loss: 0.628
Validation accuracy: 0.625
Round 185 done
training loss: 0.590
Validation accuracy: 0.609
Round 186 done
training loss: 0.609
Validation accuracy: 0.602
Round 187 done
training loss: 0.663
Validation accuracy: 0.626
Round 188 done
training loss: 0.637
Validation accuracy: 0.610
Round 189 done
training loss: 0.652
Validation accuracy: 0.608
Round 190 done
training loss: 0.652
Validation accuracy: 0.597
Round 191 done
training loss: 0.645
Validation accuracy: 0.610
Round 192 done
training loss: 0.629
Validation accuracy: 0.606
Round 193 done
training loss: 0.669
Validation accuracy: 0.620
Round 194 done
training loss: 0.708
Validation accuracy: 0.630
Round 195 done
training loss: 0.660
Validation accuracy: 0.625
Round 196 done
training loss: 0.681
Validation accuracy: 0.603
Round 197 done
training loss: 0.634
Validation accuracy: 0.615
Round 198 done
training loss: 0.640
Validation accuracy: 0.610
Round 199 done
training loss: 0.671
Validation accuracy: 0.612
Round 200 done
training loss: 0.600
Validation accuracy: 0.620
Round 201 done
training loss: 0.624
Validation accuracy: 0.620
Round 202 done
training loss: 0.625
Validation accuracy: 0.626
Round 203 done
training loss: 0.700
Validation accuracy: 0.629
Round 204 done
training loss: 0.688
Validation accuracy: 0.603
Round 205 done
training loss: 0.614
Validation accuracy: 0.621
Round 206 done
training loss: 0.643
Validation accuracy: 0.633
Round 207 done
training loss: 0.648
Validation accuracy: 0.615
Round 208 done
training loss: 0.637
Validation accuracy: 0.609
Round 209 done
training loss: 0.670
Validation accuracy: 0.601
Round 210 done
training loss: 0.631
Validation accuracy: 0.630
Round 211 done
training loss: 0.649
Validation accuracy: 0.605
Round 212 done
training loss: 0.663
Validation accuracy: 0.611
Round 213 done
training loss: 0.643
Validation accuracy: 0.597
Round 214 done
training loss: 0.670
Validation accuracy: 0.600
Round 215 done
training loss: 0.569
Validation accuracy: 0.610
Round 216 done
training loss: 0.629
Validation accuracy: 0.619
Round 217 done
training loss: 0.683
Validation accuracy: 0.599
Round 218 done
training loss: 0.670
Validation accuracy: 0.600
Round 219 done
training loss: 0.649
Validation accuracy: 0.618
Round 220 done
training loss: 0.692
Validation accuracy: 0.589
Round 221 done
training loss: 0.693
Validation accuracy: 0.570
Round 222 done
training loss: 0.654
Validation accuracy: 0.620
Round 223 done
training loss: 0.670
Validation accuracy: 0.619
Round 224 done
training loss: 0.664
Validation accuracy: 0.619
Round 225 done
training loss: 0.625
Validation accuracy: 0.608
Round 226 done
training loss: 0.630
Validation accuracy: 0.603
Round 227 done
training loss: 0.659
Validation accuracy: 0.622
Round 228 done
training loss: 0.678
Validation accuracy: 0.604
Round 229 done
training loss: 0.670
Validation accuracy: 0.628
Round 230 done
training loss: 0.688
Validation accuracy: 0.615
Round 231 done
training loss: 0.716
Validation accuracy: 0.590
Round 232 done
training loss: 0.688
Validation accuracy: 0.606
Round 233 done
training loss: 0.661
Validation accuracy: 0.612
Round 234 done
training loss: 0.686
Validation accuracy: 0.600
Round 235 done
training loss: 0.704
Validation accuracy: 0.610
Round 236 done
training loss: 0.654
Validation accuracy: 0.616
Round 237 done
training loss: 0.716
Validation accuracy: 0.606
Round 238 done
training loss: 0.705
Validation accuracy: 0.604
Round 239 done
training loss: 0.708
Validation accuracy: 0.598
Round 240 done
training loss: 0.692
Validation accuracy: 0.628
Round 241 done
training loss: 0.682
Validation accuracy: 0.612
Round 242 done
training loss: 0.694
Validation accuracy: 0.607
Round 243 done
training loss: 0.685
Validation accuracy: 0.590
Round 244 done
training loss: 0.657
Validation accuracy: 0.608
Round 245 done
training loss: 0.694
Validation accuracy: 0.607
Round 246 done
training loss: 0.669
Validation accuracy: 0.611
Round 247 done
training loss: 0.681
Validation accuracy: 0.620
Round 248 done
training loss: 0.631
Validation accuracy: 0.602
Round 249 done
training loss: 0.756
Validation accuracy: 0.588
Round 250 done
training loss: 0.647
Validation accuracy: 0.621
Round 251 done
training loss: 0.734
Validation accuracy: 0.609
Round 252 done
training loss: 0.733
Validation accuracy: 0.614
Round 253 done
training loss: 0.749
Validation accuracy: 0.608
Round 254 done
training loss: 0.676
Validation accuracy: 0.618
Round 255 done
training loss: 0.677
Validation accuracy: 0.596
Round 256 done
training loss: 0.653
Validation accuracy: 0.599
Round 257 done
training loss: 0.735
Validation accuracy: 0.598
Round 258 done
training loss: 0.685
Validation accuracy: 0.598
Round 259 done
training loss: 0.724
Validation accuracy: 0.617
Round 260 done
training loss: 0.814
Validation accuracy: 0.600
Round 261 done
training loss: 0.676
Validation accuracy: 0.630
Round 262 done
training loss: 0.697
Validation accuracy: 0.612
Round 263 done
training loss: 0.660
Validation accuracy: 0.598
Round 264 done
training loss: 0.694
Validation accuracy: 0.616
Round 265 done
training loss: 0.690
Validation accuracy: 0.626
Round 266 done
training loss: 0.700
Validation accuracy: 0.602
Round 267 done
training loss: 0.718
Validation accuracy: 0.593
Round 268 done
training loss: 0.669
Validation accuracy: 0.613
Round 269 done
training loss: 0.692
Validation accuracy: 0.614
Round 270 done
training loss: 0.668
Validation accuracy: 0.639
Round 271 done
training loss: 0.733
Validation accuracy: 0.608
Round 272 done
training loss: 0.749
Validation accuracy: 0.600
Round 273 done
training loss: 0.664
Validation accuracy: 0.607
Round 274 done
training loss: 0.731
Validation accuracy: 0.622
Round 275 done
training loss: 0.659
Validation accuracy: 0.635
Round 276 done
training loss: 0.712
Validation accuracy: 0.602
Round 277 done
training loss: 0.686
Validation accuracy: 0.589
Round 278 done
training loss: 0.678
Validation accuracy: 0.618
Round 279 done
training loss: 0.704
Validation accuracy: 0.621
Round 280 done
training loss: 0.726
Validation accuracy: 0.634
Round 281 done
training loss: 0.750
Validation accuracy: 0.588
Round 282 done
training loss: 0.677
Validation accuracy: 0.633
Round 283 done
training loss: 0.694
Validation accuracy: 0.632
Round 284 done
training loss: 0.686
Validation accuracy: 0.616
Round 285 done
training loss: 0.751
Validation accuracy: 0.609
Round 286 done
training loss: 0.704
Validation accuracy: 0.594
Round 287 done
training loss: 0.838
Validation accuracy: 0.612
Round 288 done
training loss: 0.734
Validation accuracy: 0.641
Round 289 done
training loss: 0.716
Validation accuracy: 0.602
Round 290 done
training loss: 0.704
Validation accuracy: 0.623
Round 291 done
training loss: 0.691
Validation accuracy: 0.623
Round 292 done
training loss: 0.689
Validation accuracy: 0.628
Round 293 done
training loss: 0.775
Validation accuracy: 0.618
Round 294 done
training loss: 0.688
Validation accuracy: 0.619
Round 295 done
training loss: 0.778
Validation accuracy: 0.614
Round 296 done
training loss: 0.714
Validation accuracy: 0.623
Round 297 done
training loss: 0.709
Validation accuracy: 0.596
Round 298 done
training loss: 0.736
Validation accuracy: 0.622
Round 299 done
training loss: 0.686
Validation accuracy: 0.623
Round 300 done
training loss: 0.692
Validation accuracy: 0.626
Finished Training in 300 rounds
Finished experiment.

------------------------------------------------------------
Sender: LSF System <lsfadmin@hpc.dtu.dk>
Subject: Job 24400967: <fedavg_single> in cluster <dcc> Done

Job <fedavg_single> was submitted from host <hpclogin1> by user <s204790> in cluster <dcc> at Wed Mar 12 09:48:40 2025
Job was executed on host(s) <4*n-62-12-21>, in queue <gpua100>, as user <s204790> in cluster <dcc> at Wed Mar 12 09:48:40 2025
</zhome/94/5/156250> was used as the home directory.
</zhome/94/5/156250/Documents/FederatedLearning/FederatedLearning/HPC> was used as the working directory.
Started at Wed Mar 12 09:48:40 2025
Terminated at Wed Mar 12 11:31:37 2025
Results reported at Wed Mar 12 11:31:37 2025

Your job looked like:

------------------------------------------------------------
# LSBATCH: User input
#!/bin/bash

### General options
### - specify queue --
#BSUB -q gpua100

### -- set the job Name --
#BSUB -J fedavg_single

### -- ask for number of cores (default: 1) --
#BSUB -n 4

### -- Select the resources: 1 gpu in exclusive process mode --
#BSUB -gpu "num=1:mode=exclusive_process"

### -- set walltime limit: hh:mm --  maximum 24 hours for GPU-queues right now
#BSUB -W 06:00

# request system-memory
#BSUB -R "rusage[mem=16GB]"


#BSUB -R "span[hosts=1]"

### -- Specify the output and error file. %J is the job-id --
### -- -o and -e mean append, -oo and -eo mean overwrite --
#BSUB -o /zhome/94/5/156250/Documents/FederatedLearning/FederatedLearning/HPC/outputs/fedavg_single%J.out
#BSUB -e /zhome/94/5/156250/Documents/FederatedLearning/FederatedLearning/HPC/outputs/fedavg_single%J.err
# -- end of LSF options --

# module load python3/3.12.4
source /zhome/94/5/156250/Documents/FederatedLearning/.venv/bin/activate

python3 -u cifar10_fedavg_single_proc.py
------------------------------------------------------------

Successfully completed.

Resource usage summary:

    CPU time :                                   6066.00 sec.
    Max Memory :                                 1225 MB
    Average Memory :                             1090.20 MB
    Total Requested Memory :                     65536.00 MB
    Delta Memory :                               64311.00 MB
    Max Swap :                                   -
    Max Processes :                              4
    Max Threads :                                11
    Run time :                                   6177 sec.
    Turnaround time :                            6177 sec.

The output (if any) is above this job summary.



PS:

Read file </zhome/94/5/156250/Documents/FederatedLearning/FederatedLearning/HPC/outputs/fedavg_single24400967.err> for stderr output of this job.

